<?xml version="1.0" encoding="UTF-8"?>
<testng-results ignored="0" total="1" passed="1" failed="0" skipped="0">
  <reporter-output>
  </reporter-output>
  <suite started-at="2024-05-19T21:52:06 EDT" name="Default suite" finished-at="2024-05-19T21:52:14 EDT" duration-ms="7674">
    <groups>
    </groups>
    <test started-at="2024-05-19T21:52:06 EDT" name="Default test" finished-at="2024-05-19T21:52:14 EDT" duration-ms="7674">
      <class name="com.SaleForce.TestCases.TC_5">
        <test-method signature="testCase_5()[pri:0, instance:com.SaleForce.TestCases.TC_5@368247b9]" started-at="2024-05-19T21:52:06 EDT" name="testCase_5" finished-at="2024-05-19T21:52:14 EDT" duration-ms="7608" status="PASS">
          <reporter-output>
          </reporter-output>
        </test-method> <!-- testCase_5 -->
      </class> <!-- com.SaleForce.TestCases.TC_5 -->
    </test> <!-- Default test -->
  </suite> <!-- Default suite -->
</testng-results>
